2018-12-20T18:05:25.342Z info: A request was received
2018-12-20T18:06:58.190Z info: A request was received
2018-12-20T18:07:22.571Z info: A request was received
2018-12-20T18:07:22.573Z debug: Hello this is testing ..... 10
2018-12-20T18:10:04.957Z info: A request was received
2018-12-20T18:10:04.961Z debug: Hello this is testing ..... 10
2018-12-20T18:24:36.323Z info: A request was received
2018-12-20T18:24:36.327Z debug: Hello this is testing ..... 10
2018-12-20T18:25:10.014Z info: A request was received
2018-12-20T18:25:10.018Z error: this is error!!!!!!!!!!!!!!!!!!!!!!!!!!!!!!!!!!!!!!!!!!!!
2018-12-20T18:25:10.019Z debug: Hello this is testing ..... 10
2018-12-20T18:25:13.335Z info: A request was received
2018-12-20T18:25:13.340Z error: this is error!!!!!!!!!!!!!!!!!!!!!!!!!!!!!!!!!!!!!!!!!!!!
2018-12-20T18:25:13.343Z debug: Hello this is testing ..... 10
2018-12-20T18:25:17.776Z info: A request was received
2018-12-20T18:25:17.782Z error: this is error!!!!!!!!!!!!!!!!!!!!!!!!!!!!!!!!!!!!!!!!!!!!
2018-12-20T18:25:17.792Z debug: Hello this is testing ..... 10
2018-12-20T18:35:11.694Z info: A request was received
2018-12-20T18:35:11.699Z error: this is error!!!!!!!!!!!!!!!!!!!!!!!!!!!!!!!!!!!!!!!!!!!!
2018-12-20T18:35:11.700Z debug: Hello this is testing ..... 10
2018-12-20T18:38:46.513Z info: A request was received
2018-12-20T18:38:46.517Z error: this is error!!!!!!!!!!!!!!!!!!!!!!!!!!!!!!!!!!!!!!!!!!!!
2018-12-20T18:38:46.522Z debug: Hello this is testing ..... 10
2018-12-20T18:40:01.175Z info: A request was received
2018-12-20T18:40:01.181Z error: this is error!!!!!!!!!!!!!!!!!!!!!!!!!!!!!!!!!!!!!!!!!!!!
2018-12-20T18:40:01.182Z debug: Hello this is testing ..... 10
2018-12-20T18:41:06.300Z debug: This is inside search controller!!!!!!!!!!!!!!!!!!
2018-12-20T18:41:06.303Z debug: undefined
2018-12-20T18:43:59.528Z debug: This is inside search controller!!!!!!!!!!!!!!!!!!
2018-12-20T18:43:59.528Z debug: undefined
2018-12-20T18:45:09.511Z info: A request was received
2018-12-20T18:45:09.514Z error: this is error!!!!!!!!!!!!!!!!!!!!!!!!!!!!!!!!!!!!!!!!!!!!
2018-12-20T18:45:09.514Z debug: Hello this is testing ..... 10
2018-12-20T18:45:24.226Z debug: This is inside search controller!!!!!!!!!!!!!!!!!!
2018-12-20T18:45:24.227Z debug: undefined
